==================================================
Algorithm: FedMGDA
Local batch size: 10
Local steps: 1
Local learing rate: 0.005
Total number of clients: 10
Clients join in each round: 1.0
Client drop rate: 0.0
Time select: False
Time threthold: 10000
Global rounds: 1000
Running times: 1
Dataset: Cifar10
Local model: cnn
Using device: cuda
Cuda device id: 5
==================================================

============= Running time: 0th =============
Creating server and clients ...
FedAvgCNN(
  (conv1): Sequential(
    (0): Conv2d(3, 32, kernel_size=(5, 5), stride=(1, 1))
    (1): ReLU(inplace=True)
    (2): MaxPool2d(kernel_size=(2, 2), stride=(2, 2), padding=0, dilation=1, ceil_mode=False)
  )
  (conv2): Sequential(
    (0): Conv2d(32, 64, kernel_size=(5, 5), stride=(1, 1))
    (1): ReLU(inplace=True)
    (2): MaxPool2d(kernel_size=(2, 2), stride=(2, 2), padding=0, dilation=1, ceil_mode=False)
  )
  (fc1): Sequential(
    (0): Linear(in_features=1600, out_features=512, bias=True)
    (1): ReLU(inplace=True)
  )
  (fc): Linear(in_features=512, out_features=10, bias=True)
)

Join ratio / total clients: 1.0 / 10
Finished creating server and clients.

-------------Round number: 0-------------

Evaluate global model
Averaged Train Loss: 2.3045
Averaged Test Accuracy: 0.0901
Averaged Test AUC: 0.4892
Std Test Accuracy: 0.0439
Std Test AUC: 0.0490
------------------------- time cost ------------------------- 26.80018377304077

-------------Round number: 1-------------

Evaluate global model
Averaged Train Loss: 2.2900
Averaged Test Accuracy: 0.1159
Averaged Test AUC: 0.5788
Std Test Accuracy: 0.0453
Std Test AUC: 0.0358
------------------------- time cost ------------------------- 25.134088277816772

-------------Round number: 2-------------

Evaluate global model
Averaged Train Loss: 2.2669
Averaged Test Accuracy: 0.1353
Averaged Test AUC: 0.6094
Std Test Accuracy: 0.0407
Std Test AUC: 0.0396
------------------------- time cost ------------------------- 23.50350594520569

-------------Round number: 3-------------

Evaluate global model
Averaged Train Loss: 2.2211
Averaged Test Accuracy: 0.2167
Averaged Test AUC: 0.6588
Std Test Accuracy: 0.0329
Std Test AUC: 0.0330
------------------------- time cost ------------------------- 23.725557804107666

-------------Round number: 4-------------

Evaluate global model
Averaged Train Loss: 2.1320
Averaged Test Accuracy: 0.2577
Averaged Test AUC: 0.7080
Std Test Accuracy: 0.0312
Std Test AUC: 0.0204
------------------------- time cost ------------------------- 24.69047784805298

-------------Round number: 5-------------

Evaluate global model
Averaged Train Loss: 2.0408
Averaged Test Accuracy: 0.2667
Averaged Test AUC: 0.7261
Std Test Accuracy: 0.0437
Std Test AUC: 0.0177
------------------------- time cost ------------------------- 21.75892996788025

-------------Round number: 6-------------

Evaluate global model
Averaged Train Loss: 1.9816
Averaged Test Accuracy: 0.2860
Averaged Test AUC: 0.7379
Std Test Accuracy: 0.0466
Std Test AUC: 0.0178
------------------------- time cost ------------------------- 27.11561369895935

-------------Round number: 7-------------

Evaluate global model
Averaged Train Loss: 1.9426
Averaged Test Accuracy: 0.2961
Averaged Test AUC: 0.7463
Std Test Accuracy: 0.0501
Std Test AUC: 0.0178
------------------------- time cost ------------------------- 21.868833303451538

-------------Round number: 8-------------

Evaluate global model
Averaged Train Loss: 1.9125
Averaged Test Accuracy: 0.3041
Averaged Test AUC: 0.7534
Std Test Accuracy: 0.0482
Std Test AUC: 0.0179
------------------------- time cost ------------------------- 24.588295698165894

-------------Round number: 9-------------

Evaluate global model
Averaged Train Loss: 1.8852
Averaged Test Accuracy: 0.3152
Averaged Test AUC: 0.7604
Std Test Accuracy: 0.0466
Std Test AUC: 0.0179
------------------------- time cost ------------------------- 24.45050573348999

-------------Round number: 10-------------

Evaluate global model
Averaged Train Loss: 1.8582
Averaged Test Accuracy: 0.3249
Averaged Test AUC: 0.7676
Std Test Accuracy: 0.0451
Std Test AUC: 0.0177
------------------------- time cost ------------------------- 21.945488691329956

-------------Round number: 11-------------

Evaluate global model
Averaged Train Loss: 1.8303
Averaged Test Accuracy: 0.3331
Averaged Test AUC: 0.7751
Std Test Accuracy: 0.0441
Std Test AUC: 0.0174
------------------------- time cost ------------------------- 26.839001178741455

-------------Round number: 12-------------

Evaluate global model
Averaged Train Loss: 1.8013
Averaged Test Accuracy: 0.3437
Averaged Test AUC: 0.7828
Std Test Accuracy: 0.0433
Std Test AUC: 0.0168
------------------------- time cost ------------------------- 21.22092890739441

-------------Round number: 13-------------

Evaluate global model
Averaged Train Loss: 1.7717
Averaged Test Accuracy: 0.3543
Averaged Test AUC: 0.7905
Std Test Accuracy: 0.0400
Std Test AUC: 0.0163
------------------------- time cost ------------------------- 24.47094464302063

-------------Round number: 14-------------

Evaluate global model
Averaged Train Loss: 1.7424
Averaged Test Accuracy: 0.3645
Averaged Test AUC: 0.7977
Std Test Accuracy: 0.0375
Std Test AUC: 0.0155
------------------------- time cost ------------------------- 24.557568073272705

-------------Round number: 15-------------

Evaluate global model
Averaged Train Loss: 1.7146
Averaged Test Accuracy: 0.3754
Averaged Test AUC: 0.8041
Std Test Accuracy: 0.0383
Std Test AUC: 0.0147
------------------------- time cost ------------------------- 22.73073673248291

-------------Round number: 16-------------

Evaluate global model
Averaged Train Loss: 1.6889
Averaged Test Accuracy: 0.3843
Averaged Test AUC: 0.8097
Std Test Accuracy: 0.0352
Std Test AUC: 0.0139
------------------------- time cost ------------------------- 25.284549474716187

-------------Round number: 17-------------

Evaluate global model
Averaged Train Loss: 1.6655
Averaged Test Accuracy: 0.3918
Averaged Test AUC: 0.8146
Std Test Accuracy: 0.0321
Std Test AUC: 0.0132
------------------------- time cost ------------------------- 21.66796851158142

-------------Round number: 18-------------

Evaluate global model
Averaged Train Loss: 1.6441
Averaged Test Accuracy: 0.4024
Averaged Test AUC: 0.8187
Std Test Accuracy: 0.0331
Std Test AUC: 0.0126
------------------------- time cost ------------------------- 25.00786519050598

-------------Round number: 19-------------

Evaluate global model
Averaged Train Loss: 1.6245
Averaged Test Accuracy: 0.4085
Averaged Test AUC: 0.8224
Std Test Accuracy: 0.0296
Std Test AUC: 0.0122
------------------------- time cost ------------------------- 23.542095184326172

-------------Round number: 20-------------

Evaluate global model
Averaged Train Loss: 1.6067
Averaged Test Accuracy: 0.4145
Averaged Test AUC: 0.8257
Std Test Accuracy: 0.0308
Std Test AUC: 0.0119
------------------------- time cost ------------------------- 23.819249868392944

-------------Round number: 21-------------

Evaluate global model
Averaged Train Loss: 1.5902
Averaged Test Accuracy: 0.4193
Averaged Test AUC: 0.8287
Std Test Accuracy: 0.0303
Std Test AUC: 0.0116
------------------------- time cost ------------------------- 24.49804663658142

-------------Round number: 22-------------

Evaluate global model
Averaged Train Loss: 1.5749
Averaged Test Accuracy: 0.4227
Averaged Test AUC: 0.8313
Std Test Accuracy: 0.0298
Std Test AUC: 0.0115
------------------------- time cost ------------------------- 21.74229621887207

-------------Round number: 23-------------

Evaluate global model
Averaged Train Loss: 1.5607
Averaged Test Accuracy: 0.4263
Averaged Test AUC: 0.8336
Std Test Accuracy: 0.0297
Std Test AUC: 0.0114
------------------------- time cost ------------------------- 25.914763689041138

-------------Round number: 24-------------

Evaluate global model
Averaged Train Loss: 1.5471
Averaged Test Accuracy: 0.4314
Averaged Test AUC: 0.8358
Std Test Accuracy: 0.0314
Std Test AUC: 0.0113
------------------------- time cost ------------------------- 22.209821224212646

-------------Round number: 25-------------

Evaluate global model
Averaged Train Loss: 1.5344
Averaged Test Accuracy: 0.4357
Averaged Test AUC: 0.8378
Std Test Accuracy: 0.0312
Std Test AUC: 0.0112
------------------------- time cost ------------------------- 23.676063537597656

-------------Round number: 26-------------

Evaluate global model
Averaged Train Loss: 1.5224
Averaged Test Accuracy: 0.4403
Averaged Test AUC: 0.8396
Std Test Accuracy: 0.0310
Std Test AUC: 0.0111
------------------------- time cost ------------------------- 24.52088236808777

-------------Round number: 27-------------

Evaluate global model
Averaged Train Loss: 1.5109
Averaged Test Accuracy: 0.4457
Averaged Test AUC: 0.8413
Std Test Accuracy: 0.0282
Std Test AUC: 0.0111
------------------------- time cost ------------------------- 21.576481342315674

-------------Round number: 28-------------

Evaluate global model
Averaged Train Loss: 1.5001
Averaged Test Accuracy: 0.4469
Averaged Test AUC: 0.8428
Std Test Accuracy: 0.0295
Std Test AUC: 0.0111
------------------------- time cost ------------------------- 27.23998498916626

-------------Round number: 29-------------

Evaluate global model
Averaged Train Loss: 1.4897
Averaged Test Accuracy: 0.4517
Averaged Test AUC: 0.8443
Std Test Accuracy: 0.0295
Std Test AUC: 0.0111
------------------------- time cost ------------------------- 21.709035634994507

-------------Round number: 30-------------

Evaluate global model
Averaged Train Loss: 1.4796
Averaged Test Accuracy: 0.4548
Averaged Test AUC: 0.8457
Std Test Accuracy: 0.0301
Std Test AUC: 0.0111
------------------------- time cost ------------------------- 23.93361473083496

-------------Round number: 31-------------

Evaluate global model
Averaged Train Loss: 1.4700
Averaged Test Accuracy: 0.4575
Averaged Test AUC: 0.8469
Std Test Accuracy: 0.0290
Std Test AUC: 0.0111
110
------------------------- time cost ------------------------- 25.640920639038086

-------------Round number: 32-------------

Evaluate global model
Averaged Train Loss: 1.4607
Averaged Test Accuracy: 0.4618
Averaged Test AUC: 0.8482
Std Test Accuracy: 0.0291
Std Test AUC: 0.0110
------------------------- time cost ------------------------- 23.53140687942505

-------------Round number: 33-------------

Evaluate global model
Averaged Train Loss: 1.4517
Averaged Test Accuracy: 0.4650
Averaged Test AUC: 0.8493
Std Test Accuracy: 0.0305
Std Test AUC: 0.0110
------------------------- time cost ------------------------- 23.153810739517212

-------------Round number: 34-------------

Evaluate global model
Averaged Train Loss: 1.4430
Averaged Test Accuracy: 0.4681
Averaged Test AUC: 0.8504
Std Test Accuracy: 0.0284
Std Test AUC: 0.0110
------------------------- time cost ------------------------- 25.04408884048462

-------------Round number: 35-------------

Evaluate global model
Averaged Train Loss: 1.4344
Averaged Test Accuracy: 0.4693
Averaged Test AUC: 0.8515
Std Test Accuracy: 0.0278
Std Test AUC: 0.0110
------------------------- time cost ------------------------- 21.31229829788208

-------------Round number: 36-------------

Evaluate global model
Averaged Train Loss: 1.4260
Averaged Test Accuracy: 0.4739
Averaged Test AUC: 0.8525
Std Test Accuracy: 0.0268
Std Test AUC: 0.0110
------------------------- time cost ------------------------- 26.21018958091736

-------------Round number: 37-------------

Evaluate global model
Averaged Train Loss: 1.4177
Averaged Test Accuracy: 0.4766
Averaged Test AUC: 0.8536
Std Test Accuracy: 0.0257
Std Test AUC: 0.0110
------------------------- time cost ------------------------- 22.13939070701599

-------------Round number: 38-------------

Evaluate global model
Averaged Train Loss: 1.4096
Averaged Test Accuracy: 0.4785
Averaged Test AUC: 0.8546
Std Test Accuracy: 0.0262
Std Test AUC: 0.0110
------------------------- time cost ------------------------- 24.642887353897095

-------------Round number: 39-------------

Evaluate global model
Averaged Train Loss: 1.4016
Averaged Test Accuracy: 0.4790
Averaged Test AUC: 0.8556
Std Test Accuracy: 0.0247
Std Test AUC: 0.0110
------------------------- time cost ------------------------- 23.992928743362427

-------------Round number: 40-------------

Evaluate global model
Averaged Train Loss: 1.3936
Averaged Test Accuracy: 0.4836
Averaged Test AUC: 0.8566
Std Test Accuracy: 0.0276
Std Test AUC: 0.0111
------------------------- time cost ------------------------- 22.08837628364563

-------------Round number: 41-------------

Evaluate global model
Averaged Train Loss: 1.3858
Averaged Test Accuracy: 0.4872
Averaged Test AUC: 0.8575
Std Test Accuracy: 0.0287
Std Test AUC: 0.0110
------------------------- time cost ------------------------- 26.338534355163574

-------------Round number: 42-------------

Evaluate global model
Averaged Train Loss: 1.3780
Averaged Test Accuracy: 0.4882
Averaged Test AUC: 0.8584
Std Test Accuracy: 0.0291
Std Test AUC: 0.0110
------------------------- time cost ------------------------- 21.679365396499634

-------------Round number: 43-------------

Evaluate global model
Averaged Train Loss: 1.3703
Averaged Test Accuracy: 0.4915
Averaged Test AUC: 0.8594
Std Test Accuracy: 0.0275
Std Test AUC: 0.0110
------------------------- time cost ------------------------- 23.90667986869812

-------------Round number: 44-------------

Evaluate global model
Averaged Train Loss: 1.3627
Averaged Test Accuracy: 0.4925
Averaged Test AUC: 0.8603
Std Test Accuracy: 0.0283
Std Test AUC: 0.0110
------------------------- time cost ------------------------- 24.07860541343689

-------------Round number: 45-------------

Evaluate global model
Averaged Train Loss: 1.3550
Averaged Test Accuracy: 0.4930
Averaged Test AUC: 0.8612
Std Test Accuracy: 0.0278
Std Test AUC: 0.0110
------------------------- time cost ------------------------- 22.902060985565186

-------------Round number: 46-------------

Evaluate global model
Averaged Train Loss: 1.3475
Averaged Test Accuracy: 0.4954
Averaged Test AUC: 0.8621
Std Test Accuracy: 0.0278
Std Test AUC: 0.0110
------------------------- time cost ------------------------- 25.69494342803955

-------------Round number: 47-------------

Evaluate global model
Averaged Train Loss: 1.3400
Averaged Test Accuracy: 0.4986
Averaged Test AUC: 0.8629
Std Test Accuracy: 0.0264
Std Test AUC: 0.0110
------------------------- time cost ------------------------- 21.53162932395935

-------------Round number: 48-------------

Evaluate global model
Averaged Train Loss: 1.3325
Averaged Test Accuracy: 0.4995
Averaged Test AUC: 0.8638
Std Test Accuracy: 0.0256
Std Test AUC: 0.0109
------------------------- time cost ------------------------- 25.331020832061768

-------------Round number: 49-------------

Evaluate global model
Averaged Train Loss: 1.3250
Averaged Test Accuracy: 0.5027
Averaged Test AUC: 0.8647
Std Test Accuracy: 0.0255
Std Test AUC: 0.0109
------------------------- time cost ------------------------- 23.528568029403687

-------------Round number: 50-------------

Evaluate global model
Averaged Train Loss: 1.3176
Averaged Test Accuracy: 0.5048
Averaged Test AUC: 0.8655
Std Test Accuracy: 0.0262
Std Test AUC: 0.0109
------------------------- time cost ------------------------- 23.36711549758911

-------------Round number: 51-------------

Evaluate global model
